<?xml version="1.0" encoding="UTF-8"?>
<testng-results skipped="0" failed="0" total="1" passed="1">
  <reporter-output>
  </reporter-output>
  <suite name="Default suite" duration-ms="62870" started-at="2014-11-23T21:25:24Z" finished-at="2014-11-23T21:26:27Z">
    <groups>
    </groups>
    <test name="Default test" duration-ms="62870" started-at="2014-11-23T21:25:24Z" finished-at="2014-11-23T21:26:27Z">
      <class name="com.ibhs.test.user.TestNewPatients">
        <test-method status="PASS" signature="setUp()[pri:0, instance:com.ibhs.test.user.TestNewPatients@2934847]" name="setUp" is-config="true" duration-ms="14186" started-at="2014-11-23T23:25:24Z" finished-at="2014-11-23T23:25:38Z">
          <reporter-output>
          </reporter-output>
        </test-method> <!-- setUp -->
        <test-method status="PASS" signature="verify()[pri:0, instance:com.ibhs.test.user.TestNewPatients@2934847]" name="verify" duration-ms="47046" started-at="2014-11-23T23:25:38Z" finished-at="2014-11-23T23:26:25Z">
          <reporter-output>
          </reporter-output>
        </test-method> <!-- verify -->
        <test-method status="PASS" signature="tearDown()[pri:0, instance:com.ibhs.test.user.TestNewPatients@2934847]" name="tearDown" is-config="true" duration-ms="1621" started-at="2014-11-23T23:26:25Z" finished-at="2014-11-23T23:26:27Z">
          <reporter-output>
          </reporter-output>
        </test-method> <!-- tearDown -->
      </class> <!-- com.ibhs.test.user.TestNewPatients -->
    </test> <!-- Default test -->
  </suite> <!-- Default suite -->
</testng-results>
