<?xml version="1.0" encoding="UTF-8"?>
<testng-results skipped="0" failed="0" total="1" passed="1">
  <reporter-output>
  </reporter-output>
  <suite name="Default suite" duration-ms="44133" started-at="2014-11-23T13:56:36Z" finished-at="2014-11-23T13:57:20Z">
    <groups>
    </groups>
    <test name="Default test" duration-ms="44133" started-at="2014-11-23T13:56:36Z" finished-at="2014-11-23T13:57:20Z">
      <class name="com.ibhs.test.user.TestNewPatients">
        <test-method status="PASS" signature="setUp()[pri:0, instance:com.ibhs.test.user.TestNewPatients@2934847]" name="setUp" is-config="true" duration-ms="20819" started-at="2014-11-23T15:56:36Z" finished-at="2014-11-23T15:56:57Z">
          <reporter-output>
          </reporter-output>
        </test-method> <!-- setUp -->
        <test-method status="PASS" signature="verifySSNErrorRequired_Test_1_7()[pri:0, instance:com.ibhs.test.user.TestNewPatients@2934847]" name="verifySSNErrorRequired_Test_1_7" duration-ms="21639" started-at="2014-11-23T15:56:57Z" finished-at="2014-11-23T15:57:19Z">
          <reporter-output>
          </reporter-output>
        </test-method> <!-- verifySSNErrorRequired_Test_1_7 -->
        <test-method status="PASS" signature="tearDown()[pri:0, instance:com.ibhs.test.user.TestNewPatients@2934847]" name="tearDown" is-config="true" duration-ms="1658" started-at="2014-11-23T15:57:19Z" finished-at="2014-11-23T15:57:20Z">
          <reporter-output>
          </reporter-output>
        </test-method> <!-- tearDown -->
      </class> <!-- com.ibhs.test.user.TestNewPatients -->
    </test> <!-- Default test -->
  </suite> <!-- Default suite -->
</testng-results>
